[21:22:20] [main/INFO]: Loading Minecraft 1.21.10 with Fabric Loader 0.17.2
[21:22:20] [main/INFO]: Fabric is preparing JARs on first launch, this may take a few seconds...
[21:22:20] [main/INFO]: Loading 4 mods:
	- fabricloader 0.17.2
	   \-- mixinextras 0.5.0
	- java 21
	- minecraft 1.21.10
[21:22:20] [main/INFO]: SpongePowered MIXIN Subsystem Version=0.8.7 Source=file:/workspaces/PLUGIN/servidor_minecraft/libraries/net/fabricmc/sponge-mixin/0.16.3+mixin.0.8.7/sponge-mixin-0.16.3+mixin.0.8.7.jar Service=Knot/Fabric Env=SERVER
[21:22:30] [main/INFO]: Environment: Environment[sessionHost=https://sessionserver.mojang.com, servicesHost=https://api.minecraftservices.com, profilesHost=https://api.mojang.com, name=PROD]
[21:22:31] [main/INFO]: No existing world data, creating new world
[21:22:33] [main/INFO]: Loaded 1461 recipes
[21:22:33] [main/INFO]: Loaded 1574 advancements
[21:22:33] [Server thread/INFO]: Starting minecraft server version 1.21.10
[21:22:33] [Server thread/INFO]: Loading properties
[21:22:33] [Server thread/INFO]: Default game type: SURVIVAL
[21:22:33] [Server thread/INFO]: Generating keypair
[21:22:33] [Server thread/INFO]: Starting Minecraft server on *:25565
[21:22:33] [Server thread/INFO]: Using epoll channel type
[21:22:33] [Server thread/WARN]: **** SERVER IS RUNNING IN OFFLINE/INSECURE MODE!
[21:22:33] [Server thread/WARN]: The server will make no attempt to authenticate usernames. Beware.
[21:22:33] [Server thread/WARN]: While this makes the game possible to play without internet access, it also opens up the ability for hackers to connect with any username they choose.
[21:22:33] [Server thread/WARN]: To change this, set "online-mode" to "true" in the server.properties file.
[21:22:33] [Server thread/INFO]: Preparing level "world"
[21:22:34] [Server thread/INFO]: Selecting global world spawn...
[21:22:48] [Server thread/INFO]: Loading 0 persistent chunks...
[21:22:48] [Server thread/INFO]: Preparing spawn area: 100%
[21:22:48] [Server thread/INFO]: Time elapsed: 14403 ms
[21:22:48] [Server thread/INFO]: Done (15.018s)! For help, type "help"
[21:23:48] [Server thread/INFO]: Server empty for 60 seconds, pausing
